[Licensing::Module] Trying to connect to existing licensing client channel...
[Licensing::IpcConnector] Successfully connected to: "LicenseClient-rodri" at "2026-03-31T22:12:21.1711566Z"
Built from '6000.3/staging' branch; Version is '6000.3.8f1 (1c7db571dde0) revision 1867189'; Using compiler version '194234433'; Build Type 'Release'
OS: 'Windows 11  (10.0.26200) Professional' Language: 'es' Physical Memory: 31950 MB
BatchMode: 1, IsHumanControllingUs: 0, StartBugReporterOnCrash: 0, Is64bit: 1
System  architecture: x64
Process architecture: x64
Date: 2026-03-31T22:12:21Z

COMMAND LINE ARGUMENTS:
C:\Program Files\Unity\Hub\Editor\6000.3.8f1\Editor\Unity.exe
-adb2
-batchMode
-noUpm
-name
AssetImportWorker3
-projectPath
C:/Users/rodri/OneDrive/Escritorio/LexiMath-Game
-logFile
Logs/AssetImportWorker3.log
-srvPort
51488
-job-worker-count
15
-background-job-worker-count
8
-gc-helper-count
1
-name
AssetImport
Successfully changed project path to: C:/Users/rodri/OneDrive/Escritorio/LexiMath-Game
C:/Users/rodri/OneDrive/Escritorio/LexiMath-Game
[UnityMemory] Configuration Parameters - Can be set up in boot.config
    "memorysetup-temp-allocator-size-nav-mesh-worker=65536"
    "memorysetup-temp-allocator-size-audio-worker=65536"
    "memorysetup-temp-allocator-size-gfx=262144"
    "memorysetup-allocator-temp-initial-block-size-main=262144"
    "memorysetup-allocator-temp-initial-block-size-worker=262144"
    "memorysetup-temp-allocator-size-background-worker=32768"
    "memorysetup-temp-allocator-size-job-worker=262144"
    "memorysetup-temp-allocator-size-preload-manager=33554432"
    "memorysetup-temp-allocator-size-gi-baking-worker=262144"
    "memorysetup-temp-allocator-size-gi-baking-worker=262144"
    "memorysetup-temp-allocator-size-gi-baking-worker=262144"
    "memorysetup-temp-allocator-size-gi-baking-worker=262144"
    "memorysetup-temp-allocator-size-gi-baking-worker=262144"
    "memorysetup-bucket-allocator-granularity=16"
    "memorysetup-bucket-allocator-bucket-count=8"
    "memorysetup-bucket-allocator-block-size=33554432"
    "memorysetup-bucket-allocator-block-count=8"
    "memorysetup-main-allocator-block-size=16777216"
    "memorysetup-thread-allocator-block-size=16777216"
    "memorysetup-gfx-main-allocator-block-size=16777216"
    "memorysetup-gfx-thread-allocator-block-size=16777216"
    "memorysetup-cache-allocator-block-size=4194304"
    "memorysetup-typetree-allocator-block-size=2097152"
    "memorysetup-profiler-bucket-allocator-granularity=16"
    "memorysetup-profiler-bucket-allocator-bucket-count=8"
    "memorysetup-profiler-bucket-allocator-block-size=33554432"
    "memorysetup-profiler-bucket-allocator-block-count=8"
    "memorysetup-profiler-allocator-block-size=16777216"
    "memorysetup-profiler-editor-allocator-block-size=1048576"
    "memorysetup-temp-allocator-size-main=16777216"
    "memorysetup-job-temp-allocator-block-size=2097152"
    "memorysetup-job-temp-allocator-block-size-background=1048576"
    "memorysetup-job-temp-allocator-reduction-small-platforms=262144"
    "memorysetup-temp-allocator-size-cloud-worker=32768"
Player connection [43028]  Target information:

Player connection [43028]  * "[IP] 192.168.56.1 [Port] 0 [Flags] 2 [Guid] 4123731742 [EditorId] 4123731742 [Version] 1048832 [Id] WindowsEditor(7,Asus) [Debug] 1 [PackageName] WindowsEditor [ProjectName] Editor" 

Player connection [43028]  * "[IP] 192.168.100.9 [Port] 0 [Flags] 2 [Guid] 4123731742 [EditorId] 4123731742 [Version] 1048832 [Id] WindowsEditor(7,Asus) [Debug] 1 [PackageName] WindowsEditor [ProjectName] Editor" 

Player connection [43028] Host joined multi-casting on [225.0.0.222:54997]...
Player connection [43028] Host joined alternative multi-casting on [225.0.0.222:34997]...
JobSystem: Creating JobQueue using job-worker-count value 15
Input System module state changed to: Initialized.
[Physics::Module] Initialized fallback backend.
[Physics::Module] Id: 0xdecafbad
Library Redirect Path: Library/
[Physics::Module] Selected backend.
[Physics::Module] Name: PhysX
[Physics::Module] Id: 0xf2b8ea05
[Physics::Module] SDK Version: 4.1.2
[Physics::Module] Integration Version: 1.0.0
[Physics::Module] Threading Mode: Multi-Threaded
Refreshing native plugins compatible for Editor in 2.90 ms, found 4 plugins.
Preloading 0 native plugins for Editor in 0.00 ms.
Initialize engine version: 6000.3.8f1 (1c7db571dde0)
[Subsystems] Discovering subsystems at path C:/Program Files/Unity/Hub/Editor/6000.3.8f1/Editor/Data/Resources/UnitySubsystems
[Subsystems] Discovering subsystems at path C:/Users/rodri/OneDrive/Escritorio/LexiMath-Game/Assets
GfxDevice: creating device client; kGfxThreadingModeNonThreaded
Direct3D:
    Version:  Direct3D 11.0 [level 11.1]
    Renderer: NVIDIA GeForce RTX 4080 Laptop GPU (ID=0x27a0)
    Vendor:   NVIDIA
    VRAM:     11995 MB
    Driver:   32.0.15.9186
Initialize mono
Mono path[0] = 'C:/Program Files/Unity/Hub/Editor/6000.3.8f1/Editor/Data/Managed'
Mono path[1] = 'C:/Program Files/Unity/Hub/Editor/6000.3.8f1/Editor/Data/MonoBleedingEdge/lib/mono/unityjit-win32'
Mono config path = 'C:/Program Files/Unity/Hub/Editor/6000.3.8f1/Editor/Data/MonoBleedingEdge/etc'
Using monoOptions --debugger-agent=transport=dt_socket,embedding=1,server=y,suspend=n,address=127.0.0.1:56244
Begin MonoManager ReloadAssembly
Registering precompiled unity dll's ...
Register platform support module: C:/Program Files/Unity/Hub/Editor/6000.3.8f1/Editor/Data/PlaybackEngines/WebGLSupport/UnityEditor.WebGL.Extensions.dll
Register platform support module: C:/Program Files/Unity/Hub/Editor/6000.3.8f1/Editor/Data/PlaybackEngines/MacStandaloneSupport/UnityEditor.OSXStandalone.Extensions.dll
Register platform support module: C:/Program Files/Unity/Hub/Editor/6000.3.8f1/Editor/Data/PlaybackEngines/WindowsStandaloneSupport/UnityEditor.WindowsStandalone.Extensions.dll
Registered in 0.003414 seconds.
[Licensing::Client] Handshaking with LicensingClient:
  Version:                 1.17.4+4293ba1
  Session Id:              4e94357e5c3140af929ced5db75bf48e
  Correlation Id:          486b487315153bddfed0cc3858682a8c
  External correlation Id: 8807176296813941215
  Machine Id:              zG4VJaxph/UHMQAqx8KOdIGDzw8=
[Licensing::Module] Successfully connected to LicensingClient on channel: "LicenseClient-rodri" (connect: 0.00s, validation: 0.00s, handshake: 1.01s)
[Licensing::IpcConnector] Successfully connected to: "LicenseClient-rodri-notifications" at "2026-03-31T22:12:22.1830521Z"
[Licensing::Module] Licensing Background thread has ended after 1.01s
- Loaded All Assemblies, in  0.417 seconds
Native extension for WindowsStandalone target not found
Native extension for OSXStandalone target not found
Native extension for WebGL target not found
ScheduleIndexationOnStartup MainProcess:False IndexOnStartup:True
Mono: successfully reloaded assembly
- Finished resetting the current domain, in  0.393 seconds
Domain Reload Profiling: 807ms
	BeginReloadAssembly (157ms)
		ExecutionOrderSort (0ms)
		DisableScriptedObjects (0ms)
		BackupInstance (0ms)
		ReleaseScriptingObjects (0ms)
		CreateAndSetChildDomain (1ms)
	RebuildCommonClasses (42ms)
	RebuildNativeTypeToScriptingClass (12ms)
	initialDomainReloadingComplete (48ms)
	LoadAllAssembliesAndSetupDomain (154ms)
		LoadAssemblies (153ms)
		RebuildTransferFunctionScriptingTraits (0ms)
		AnalyzeDomain (150ms)
			TypeCache.Refresh (149ms)
				TypeCache.ScanAssembly (136ms)
			BuildScriptInfoCaches (0ms)
			ResolveRequiredComponents (0ms)
	FinalizeReload (394ms)
		ReleaseScriptCaches (0ms)
		RebuildScriptCaches (0ms)
		SetupLoadedEditorAssemblies (351ms)
			LogAssemblyErrors (0ms)
			InitializePlatformSupportModulesInManaged (83ms)
			SetLoadedEditorAssemblies (3ms)
			BeforeProcessingInitializeOnLoad (79ms)
			ProcessInitializeOnLoadAttributes (145ms)
			ProcessInitializeOnLoadMethodAttributes (41ms)
			AfterProcessingInitializeOnLoad (0ms)
			EditorAssembliesLoaded (0ms)
		ExecutionOrderSort2 (0ms)
		AwakeInstancesAfterBackupRestoration (0ms)
========================================================================
Worker process is ready to serve import requests
Import Worker Mode flag is 0x00
Begin MonoManager ReloadAssembly
[Licensing::Client] Successfully resolved entitlement details
[Licensing::Module] License group:
  Id: 4674159063011-UnityPersXXXX
  Product: Unity Personal
  Type: Assigned
  Expiration: Unlimited
- Loaded All Assemblies, in  0.766 seconds
Refreshing native plugins compatible for Editor in 1.80 ms, found 4 plugins.
Native extension for WindowsStandalone target not found
Native extension for OSXStandalone target not found
Native extension for WebGL target not found
Package Manager log level set to [2]
[Package Manager] Failed to launch server process. Reason: Unity was launched with the -noUpm command-line argument
[Package Manager] Unable to send message (not connected to server process).
[Package Manager] Cannot connect to Unity Package Manager local server
ScheduleIndexationOnStartup MainProcess:False IndexOnStartup:True
Mono: successfully reloaded assembly
- Finished resetting the current domain, in  0.849 seconds
Domain Reload Profiling: 1609ms
	BeginReloadAssembly (168ms)
		ExecutionOrderSort (0ms)
		DisableScriptedObjects (5ms)
		BackupInstance (0ms)
		ReleaseScriptingObjects (0ms)
		CreateAndSetChildDomain (38ms)
	RebuildCommonClasses (32ms)
	RebuildNativeTypeToScriptingClass (11ms)
	initialDomainReloadingComplete (35ms)
	LoadAllAssembliesAndSetupDomain (514ms)
		LoadAssemblies (381ms)
		RebuildTransferFunctionScriptingTraits (0ms)
		AnalyzeDomain (222ms)
			TypeCache.Refresh (150ms)
				TypeCache.ScanAssembly (137ms)
			BuildScriptInfoCaches (61ms)
			ResolveRequiredComponents (8ms)
	FinalizeReload (850ms)
		ReleaseScriptCaches (0ms)
		RebuildScriptCaches (0ms)
		SetupLoadedEditorAssemblies (708ms)
			LogAssemblyErrors (0ms)
			InitializePlatformSupportModulesInManaged (14ms)
			SetLoadedEditorAssemblies (5ms)
			BeforeProcessingInitializeOnLoad (163ms)
			ProcessInitializeOnLoadAttributes (385ms)
			ProcessInitializeOnLoadMethodAttributes (130ms)
			AfterProcessingInitializeOnLoad (11ms)
			EditorAssembliesLoaded (0ms)
		ExecutionOrderSort2 (0ms)
		AwakeInstancesAfterBackupRestoration (6ms)
Launched and connected shader compiler UnityShaderCompiler.exe after 0.02 seconds
Refreshing native plugins compatible for Editor in 1.63 ms, found 4 plugins.
Preloading 0 native plugins for Editor in 0.00 ms.
Unloading 16 Unused Serialized files (Serialized files now loaded: 0)
Unloading 6909 unused Assets / (4.3 MB). Loaded Objects now: 7744.
Memory consumption went from 153.7 MB to 149.4 MB.
Total: 11.789300 ms (FindLiveObjects: 0.813100 ms CreateObjectMapping: 0.784200 ms MarkObjects: 7.693800 ms  DeleteObjects: 2.497400 ms)

========================================================================
Received Import Request.
  Time since last request: 2543.307978 seconds.
  path: Assets/Settings/UniversalRP.asset
  artifactKey: Guid(681886c5eb7344803b6206f758bf0b1c) Importer(2089858483,b0f066a214c2f5e87bad3c948f4d605d)
Start importing Assets/Settings/UniversalRP.asset using Guid(681886c5eb7344803b6206f758bf0b1c) Importer(2089858483,b0f066a214c2f5e87bad3c948f4d605d) (ScriptedImporter) -> (artifact id: '5fb5d5c62c30fcf1e00c03f606743b19') in 0.1460246 seconds
Number of updated asset objects reloaded before import = 2Number of asset objects unloaded after import = 1

========================================================================
Received Import Request.
  Time since last request: 386.343572 seconds.
  path: Assets/Backgrounds/Forest Tileset/Forest Tileset/Backgrounds
  artifactKey: Guid(cacb2186f5de6504b9d6e7fab1ba84b5) Importer(2089858483,b0f066a214c2f5e87bad3c948f4d605d)
Start importing Assets/Backgrounds/Forest Tileset/Forest Tileset/Backgrounds using Guid(cacb2186f5de6504b9d6e7fab1ba84b5) Importer(2089858483,b0f066a214c2f5e87bad3c948f4d605d) (ScriptedImporter) -> (artifact id: '375915238f5b26e0115684e6c34355b2') in 0.0061629 seconds
Number of updated asset objects reloaded before import = 0Number of asset objects unloaded after import = 1

========================================================================
Received Import Request.
  Time since last request: 0.000022 seconds.
  path: Assets/Backgrounds/Forest Tileset/Forest Tileset/Backgrounds/Forest.png
  artifactKey: Guid(15b2755ff3c52d546b8fecccb9e5a8be) Importer(2089858483,b0f066a214c2f5e87bad3c948f4d605d)
Start importing Assets/Backgrounds/Forest Tileset/Forest Tileset/Backgrounds/Forest.png using Guid(15b2755ff3c52d546b8fecccb9e5a8be) Importer(2089858483,b0f066a214c2f5e87bad3c948f4d605d) (ScriptedImporter) -> (artifact id: 'dbc72d56f5c2585bff691aeef79c6a8b') in 0.0365488 seconds
Number of updated asset objects reloaded before import = 0Number of asset objects unloaded after import = 3

========================================================================
Received Import Request.
  Time since last request: 0.000017 seconds.
  path: Assets/Backgrounds/Forest Tileset/Forest Tileset/Backgrounds/Near-Forest.png
  artifactKey: Guid(e10ba275c395e9a4486fb0352b79f0a9) Importer(2089858483,b0f066a214c2f5e87bad3c948f4d605d)
Start importing Assets/Backgrounds/Forest Tileset/Forest Tileset/Backgrounds/Near-Forest.png using Guid(e10ba275c395e9a4486fb0352b79f0a9) Importer(2089858483,b0f066a214c2f5e87bad3c948f4d605d) (ScriptedImporter) -> (artifact id: '21c8c2a062703742ff5f2a6b89d2d89b') in 0.0098578 seconds
Number of updated asset objects reloaded before import = 0Number of asset objects unloaded after import = 3

========================================================================
Received Import Request.
  Time since last request: 0.000019 seconds.
  path: Assets/Backgrounds/Forest Tileset/Forest Tileset/Tileset/Medium-Tree.png
  artifactKey: Guid(1a256f7db64a7b346a6102a4a93f3e02) Importer(2089858483,b0f066a214c2f5e87bad3c948f4d605d)
Start importing Assets/Backgrounds/Forest Tileset/Forest Tileset/Tileset/Medium-Tree.png using Guid(1a256f7db64a7b346a6102a4a93f3e02) Importer(2089858483,b0f066a214c2f5e87bad3c948f4d605d) (ScriptedImporter) -> (artifact id: '3b04139147857b3607f519752d118643') in 0.0121915 seconds
Number of updated asset objects reloaded before import = 0Number of asset objects unloaded after import = 3

========================================================================
Received Import Request.
  Time since last request: 0.000122 seconds.
  path: Assets/Backgrounds/Forest Tileset/Forest Tileset/Backgrounds/Full-Background.png
  artifactKey: Guid(ac90410b26d52fe468007ed0e6071d0b) Importer(2089858483,b0f066a214c2f5e87bad3c948f4d605d)
Start importing Assets/Backgrounds/Forest Tileset/Forest Tileset/Backgrounds/Full-Background.png using Guid(ac90410b26d52fe468007ed0e6071d0b) Importer(2089858483,b0f066a214c2f5e87bad3c948f4d605d) (ScriptedImporter) -> (artifact id: 'de775929aff57b08da3951b774a7d3a0') in 0.0127492 seconds
Number of updated asset objects reloaded before import = 0Number of asset objects unloaded after import = 3

========================================================================
Received Import Request.
  Time since last request: 0.000020 seconds.
  path: Assets/Backgrounds/Forest Tileset/Forest Tileset/Backgrounds/Near-Forest-2.png
  artifactKey: Guid(804f937da48b12546919f18543381e69) Importer(2089858483,b0f066a214c2f5e87bad3c948f4d605d)
Start importing Assets/Backgrounds/Forest Tileset/Forest Tileset/Backgrounds/Near-Forest-2.png using Guid(804f937da48b12546919f18543381e69) Importer(2089858483,b0f066a214c2f5e87bad3c948f4d605d) (ScriptedImporter) -> (artifact id: '3aaed2301c31cbfd33d90d1672fac846') in 0.0142825 seconds
Number of updated asset objects reloaded before import = 0Number of asset objects unloaded after import = 3

========================================================================
Received Import Request.
  Time since last request: 0.000023 seconds.
  path: Assets/Backgrounds/Forest Tileset/Forest Tileset/Backgrounds/Sky.png
  artifactKey: Guid(a02b5b2dc28ced04b80ff8ac98d43563) Importer(2089858483,b0f066a214c2f5e87bad3c948f4d605d)
Start importing Assets/Backgrounds/Forest Tileset/Forest Tileset/Backgrounds/Sky.png using Guid(a02b5b2dc28ced04b80ff8ac98d43563) Importer(2089858483,b0f066a214c2f5e87bad3c948f4d605d) (ScriptedImporter) -> (artifact id: '133918b0bd8d6826762e61be6477bb85') in 0.0086356 seconds
Number of updated asset objects reloaded before import = 0Number of asset objects unloaded after import = 3

========================================================================
Received Import Request.
  Time since last request: 0.000021 seconds.
  path: Assets/Backgrounds/Forest Tileset/Forest Tileset/Tileset/Tileset.psd
  artifactKey: Guid(2d2faf5c95df30e4299d572562cabc4e) Importer(2089858483,b0f066a214c2f5e87bad3c948f4d605d)
Start importing Assets/Backgrounds/Forest Tileset/Forest Tileset/Tileset/Tileset.psd using Guid(2d2faf5c95df30e4299d572562cabc4e) Importer(2089858483,b0f066a214c2f5e87bad3c948f4d605d) (ScriptedImporter) -> (artifact id: 'fa050a48a9290b188ddb8deaedc4cbae') in 0.0098557 seconds
Number of updated asset objects reloaded before import = 0Number of asset objects unloaded after import = 3

========================================================================
Received Import Request.
  Time since last request: 0.000023 seconds.
  path: Assets/Backgrounds/Forest Tileset/Forest Tileset/Tileset/Big-Tree.png
  artifactKey: Guid(c059f9c41425b214f851f425a85925d6) Importer(2089858483,b0f066a214c2f5e87bad3c948f4d605d)
Start importing Assets/Backgrounds/Forest Tileset/Forest Tileset/Tileset/Big-Tree.png using Guid(c059f9c41425b214f851f425a85925d6) Importer(2089858483,b0f066a214c2f5e87bad3c948f4d605d) (ScriptedImporter) -> (artifact id: 'bdef80384c7241bd953e4855c8fe6aa4') in 0.0105925 seconds
Number of updated asset objects reloaded before import = 0Number of asset objects unloaded after import = 3

========================================================================
Received Import Request.
  Time since last request: 0.000019 seconds.
  path: Assets/Backgrounds/Forest Tileset/Forest Tileset/Tileset/Tileset.png
  artifactKey: Guid(4e140e02d30cf0e44b1c28dde1566811) Importer(2089858483,b0f066a214c2f5e87bad3c948f4d605d)
Start importing Assets/Backgrounds/Forest Tileset/Forest Tileset/Tileset/Tileset.png using Guid(4e140e02d30cf0e44b1c28dde1566811) Importer(2089858483,b0f066a214c2f5e87bad3c948f4d605d) (ScriptedImporter) -> (artifact id: '8bbd33969f48b54e25246a6c3586411c') in 0.02888 seconds
Number of updated asset objects reloaded before import = 0Number of asset objects unloaded after import = 25

========================================================================
Received Import Request.
  Time since last request: 2.298995 seconds.
  path: Assets/Backgrounds/Forest Tileset/Forest Tileset/Backgrounds/Far-Forest.png
  artifactKey: Guid(84d39180f1c0ee04cbc56dfdfa14914b) Importer(815301076,1909f56bfc062723c751e8b465ee728b)
Start importing Assets/Backgrounds/Forest Tileset/Forest Tileset/Backgrounds/Far-Forest.png using Guid(84d39180f1c0ee04cbc56dfdfa14914b) Importer(815301076,1909f56bfc062723c751e8b465ee728b) (PreviewImporter) -> (artifact id: 'b30bba2ae1127a55a2b306a3c641ade4') in 0.0545257 seconds
Number of updated asset objects reloaded before import = 0Number of asset objects unloaded after import = 3

========================================================================
Received Import Request.
  Time since last request: 0.000016 seconds.
  path: Assets/Backgrounds/Forest Tileset/Forest Tileset/Backgrounds/Forest.png
  artifactKey: Guid(15b2755ff3c52d546b8fecccb9e5a8be) Importer(815301076,1909f56bfc062723c751e8b465ee728b)
Start importing Assets/Backgrounds/Forest Tileset/Forest Tileset/Backgrounds/Forest.png using Guid(15b2755ff3c52d546b8fecccb9e5a8be) Importer(815301076,1909f56bfc062723c751e8b465ee728b) (PreviewImporter) -> (artifact id: 'c9369346db31219032d39e1d90c634c2') in 0.0090118 seconds
Number of updated asset objects reloaded before import = 0Number of asset objects unloaded after import = 3

========================================================================
Received Import Request.
  Time since last request: 0.000023 seconds.
  path: Assets/Backgrounds/Forest Tileset/Forest Tileset/Backgrounds/Mountains.png
  artifactKey: Guid(c8b93cc6b0134c446976d02c5963fd8b) Importer(815301076,1909f56bfc062723c751e8b465ee728b)
Start importing Assets/Backgrounds/Forest Tileset/Forest Tileset/Backgrounds/Mountains.png using Guid(c8b93cc6b0134c446976d02c5963fd8b) Importer(815301076,1909f56bfc062723c751e8b465ee728b) (PreviewImporter) -> (artifact id: 'ad5c940efe6f07358de6f6acac4d11a6') in 0.0110496 seconds
Number of updated asset objects reloaded before import = 0Number of asset objects unloaded after import = 4

========================================================================
Received Import Request.
  Time since last request: 0.000024 seconds.
  path: Assets/Backgrounds/Forest Tileset/Forest Tileset/Backgrounds/Far-Mountains.png
  artifactKey: Guid(f5be6d2dca030c74aab9c18e558177d2) Importer(815301076,1909f56bfc062723c751e8b465ee728b)
Start importing Assets/Backgrounds/Forest Tileset/Forest Tileset/Backgrounds/Far-Mountains.png using Guid(f5be6d2dca030c74aab9c18e558177d2) Importer(815301076,1909f56bfc062723c751e8b465ee728b) (PreviewImporter) -> (artifact id: '29e719f29ce084646bf7ec0ac14278fc') in 0.0095134 seconds
Number of updated asset objects reloaded before import = 0Number of asset objects unloaded after import = 3

========================================================================
Received Import Request.
  Time since last request: 549.683669 seconds.
  path: Assets/Backgrounds/Forest Tileset/Forest Tileset/Tileset/Medium-Tree.png
  artifactKey: Guid(1a256f7db64a7b346a6102a4a93f3e02) Importer(815301076,1909f56bfc062723c751e8b465ee728b)
Start importing Assets/Backgrounds/Forest Tileset/Forest Tileset/Tileset/Medium-Tree.png using Guid(1a256f7db64a7b346a6102a4a93f3e02) Importer(815301076,1909f56bfc062723c751e8b465ee728b) (PreviewImporter) -> (artifact id: '43523df7bd874c1a2e77adb79112e6c0') in 0.0096883 seconds
Number of updated asset objects reloaded before import = 0Number of asset objects unloaded after import = 3

========================================================================
Received Import Request.
  Time since last request: 0.000022 seconds.
  path: Assets/Backgrounds/Forest Tileset/Forest Tileset/Tileset/Tileset.psd
  artifactKey: Guid(2d2faf5c95df30e4299d572562cabc4e) Importer(815301076,1909f56bfc062723c751e8b465ee728b)
Start importing Assets/Backgrounds/Forest Tileset/Forest Tileset/Tileset/Tileset.psd using Guid(2d2faf5c95df30e4299d572562cabc4e) Importer(815301076,1909f56bfc062723c751e8b465ee728b) (PreviewImporter) -> (artifact id: 'a50690644eeb96354c88fb39ba891e8b') in 0.0225423 seconds
Number of updated asset objects reloaded before import = 0Number of asset objects unloaded after import = 3

========================================================================
Received Import Request.
  Time since last request: 0.000020 seconds.
  path: Assets/Backgrounds/Forest Tileset/Forest Tileset/Tileset/Tileset.png
  artifactKey: Guid(4e140e02d30cf0e44b1c28dde1566811) Importer(815301076,1909f56bfc062723c751e8b465ee728b)
Start importing Assets/Backgrounds/Forest Tileset/Forest Tileset/Tileset/Tileset.png using Guid(4e140e02d30cf0e44b1c28dde1566811) Importer(815301076,1909f56bfc062723c751e8b465ee728b) (PreviewImporter) -> (artifact id: 'a2cb96848346e69120297e40987171d9') in 0.1081249 seconds
Number of updated asset objects reloaded before import = 0Number of asset objects unloaded after import = 25

========================================================================
Received Import Request.
  Time since last request: 9.259893 seconds.
  path: Assets/Tiles/Tileset/Big-Tree.png
  artifactKey: Guid(c059f9c41425b214f851f425a85925d6) Importer(2089858483,b0f066a214c2f5e87bad3c948f4d605d)
Start importing Assets/Tiles/Tileset/Big-Tree.png using Guid(c059f9c41425b214f851f425a85925d6) Importer(2089858483,b0f066a214c2f5e87bad3c948f4d605d) (ScriptedImporter) -> (artifact id: '48fb2a0f964c52b667a2e7bb5d41d257') in 0.0055831 seconds
Number of updated asset objects reloaded before import = 0Number of asset objects unloaded after import = 3

========================================================================
Received Import Request.
  Time since last request: 0.000016 seconds.
  path: Assets/Tiles/Tileset/Tileset.psd
  artifactKey: Guid(2d2faf5c95df30e4299d572562cabc4e) Importer(2089858483,b0f066a214c2f5e87bad3c948f4d605d)
Start importing Assets/Tiles/Tileset/Tileset.psd using Guid(2d2faf5c95df30e4299d572562cabc4e) Importer(2089858483,b0f066a214c2f5e87bad3c948f4d605d) (ScriptedImporter) -> (artifact id: 'a26248bfad4bfafac3291724808aadeb') in 0.0050731 seconds
Number of updated asset objects reloaded before import = 0Number of asset objects unloaded after import = 3

========================================================================
Received Import Request.
  Time since last request: 0.000019 seconds.
  path: Assets/Tiles/Tileset/Small-Tree.png
  artifactKey: Guid(c24fe5a9cb9a7ee4f9ac90bf8aeeb867) Importer(2089858483,b0f066a214c2f5e87bad3c948f4d605d)
Start importing Assets/Tiles/Tileset/Small-Tree.png using Guid(c24fe5a9cb9a7ee4f9ac90bf8aeeb867) Importer(2089858483,b0f066a214c2f5e87bad3c948f4d605d) (ScriptedImporter) -> (artifact id: '72c418c6f5889d00aed8719faacd38ac') in 0.0057315 seconds
Number of updated asset objects reloaded before import = 0Number of asset objects unloaded after import = 3

========================================================================
Received Import Request.
  Time since last request: 242.577846 seconds.
  path: Assets/Tiles/Tileset/Medium-Tree.png
  artifactKey: Guid(1a256f7db64a7b346a6102a4a93f3e02) Importer(815301076,1909f56bfc062723c751e8b465ee728b)
Start importing Assets/Tiles/Tileset/Medium-Tree.png using Guid(1a256f7db64a7b346a6102a4a93f3e02) Importer(815301076,1909f56bfc062723c751e8b465ee728b) (PreviewImporter) -> (artifact id: '34b984310d5df83e8fa060808c479d67') in 0.0137888 seconds
Number of updated asset objects reloaded before import = 0Number of asset objects unloaded after import = 3

========================================================================
Received Import Request.
  Time since last request: 0.000021 seconds.
  path: Assets/Tiles/Tileset/Tileset.psd
  artifactKey: Guid(2d2faf5c95df30e4299d572562cabc4e) Importer(815301076,1909f56bfc062723c751e8b465ee728b)
Start importing Assets/Tiles/Tileset/Tileset.psd using Guid(2d2faf5c95df30e4299d572562cabc4e) Importer(815301076,1909f56bfc062723c751e8b465ee728b) (PreviewImporter) -> (artifact id: 'dd52dc0c1013db6dab883e024b1d5020') in 0.1124995 seconds
Number of updated asset objects reloaded before import = 0Number of asset objects unloaded after import = 3

========================================================================
Received Import Request.
  Time since last request: 0.000036 seconds.
  path: Assets/Tiles/Tileset/Tileset.png
  artifactKey: Guid(4e140e02d30cf0e44b1c28dde1566811) Importer(815301076,1909f56bfc062723c751e8b465ee728b)
Start importing Assets/Tiles/Tileset/Tileset.png using Guid(4e140e02d30cf0e44b1c28dde1566811) Importer(815301076,1909f56bfc062723c751e8b465ee728b) (PreviewImporter) -> (artifact id: '06b2056c2b625e64643814c41b78ba43') in 0.1022305 seconds
Number of updated asset objects reloaded before import = 0Number of asset objects unloaded after import = 25

========================================================================
Received Import Request.
  Time since last request: 0.658161 seconds.
  path: Assets/Tiles/Tileset/Tileset.png
  artifactKey: Guid(4e140e02d30cf0e44b1c28dde1566811) Importer(2089858483,b0f066a214c2f5e87bad3c948f4d605d)
Start importing Assets/Tiles/Tileset/Tileset.png using Guid(4e140e02d30cf0e44b1c28dde1566811) Importer(2089858483,b0f066a214c2f5e87bad3c948f4d605d) (ScriptedImporter) -> (artifact id: '4471df8ce84de0c71d4aa2291d3729d5') in 0.0142217 seconds
Number of updated asset objects reloaded before import = 0Number of asset objects unloaded after import = 25

========================================================================
Received Import Request.
  Time since last request: 0.000015 seconds.
  path: Assets/Tiles/Tileset/Tileset.psd
  artifactKey: Guid(2d2faf5c95df30e4299d572562cabc4e) Importer(2089858483,b0f066a214c2f5e87bad3c948f4d605d)
Start importing Assets/Tiles/Tileset/Tileset.psd using Guid(2d2faf5c95df30e4299d572562cabc4e) Importer(2089858483,b0f066a214c2f5e87bad3c948f4d605d) (ScriptedImporter) -> (artifact id: 'e8811e98e83ee3a7894dfa4d8d5c51c3') in 0.0057577 seconds
Number of updated asset objects reloaded before import = 0Number of asset objects unloaded after import = 3

Editor requested this worker to shutdown with reason: Scaling down because of idle timeout
AssetImportWorker is now disconnected from the server
Process exiting
Exiting without the bug reporter. Application will terminate with return code 0