[Licensing::Module] Trying to connect to existing licensing client channel...
Built from '6000.3/staging' branch; Version is '6000.3.8f1 (1c7db571dde0) revision 1867189'; Using compiler version '194234433'; Build Type 'Release'
[Licensing::IpcConnector] Successfully connected to: "LicenseClient-rodri" at "2026-03-31T22:12:20.3090999Z"
OS: 'Windows 11  (10.0.26200) Professional' Language: 'es' Physical Memory: 31950 MB
BatchMode: 1, IsHumanControllingUs: 0, StartBugReporterOnCrash: 0, Is64bit: 1
System  architecture: x64
Process architecture: x64
Date: 2026-03-31T22:12:20Z

COMMAND LINE ARGUMENTS:
C:\Program Files\Unity\Hub\Editor\6000.3.8f1\Editor\Unity.exe
-adb2
-batchMode
-noUpm
-name
AssetImportWorker0
-projectPath
C:/Users/rodri/OneDrive/Escritorio/LexiMath-Game
-logFile
Logs/AssetImportWorker0.log
-srvPort
51488
-job-worker-count
15
-background-job-worker-count
8
-gc-helper-count
1
-name
AssetImport
Successfully changed project path to: C:/Users/rodri/OneDrive/Escritorio/LexiMath-Game
C:/Users/rodri/OneDrive/Escritorio/LexiMath-Game
[UnityMemory] Configuration Parameters - Can be set up in boot.config
    "memorysetup-temp-allocator-size-nav-mesh-worker=65536"
    "memorysetup-temp-allocator-size-audio-worker=65536"
    "memorysetup-temp-allocator-size-gfx=262144"
    "memorysetup-allocator-temp-initial-block-size-main=262144"
    "memorysetup-allocator-temp-initial-block-size-worker=262144"
    "memorysetup-temp-allocator-size-background-worker=32768"
    "memorysetup-temp-allocator-size-job-worker=262144"
    "memorysetup-temp-allocator-size-preload-manager=33554432"
    "memorysetup-temp-allocator-size-gi-baking-worker=262144"
    "memorysetup-temp-allocator-size-gi-baking-worker=262144"
    "memorysetup-temp-allocator-size-gi-baking-worker=262144"
    "memorysetup-temp-allocator-size-gi-baking-worker=262144"
    "memorysetup-temp-allocator-size-gi-baking-worker=262144"
    "memorysetup-bucket-allocator-granularity=16"
    "memorysetup-bucket-allocator-bucket-count=8"
    "memorysetup-bucket-allocator-block-size=33554432"
    "memorysetup-bucket-allocator-block-count=8"
    "memorysetup-main-allocator-block-size=16777216"
    "memorysetup-thread-allocator-block-size=16777216"
    "memorysetup-gfx-main-allocator-block-size=16777216"
    "memorysetup-gfx-thread-allocator-block-size=16777216"
    "memorysetup-cache-allocator-block-size=4194304"
    "memorysetup-typetree-allocator-block-size=2097152"
    "memorysetup-profiler-bucket-allocator-granularity=16"
    "memorysetup-profiler-bucket-allocator-bucket-count=8"
    "memorysetup-profiler-bucket-allocator-block-size=33554432"
    "memorysetup-profiler-bucket-allocator-block-count=8"
    "memorysetup-profiler-allocator-block-size=16777216"
    "memorysetup-profiler-editor-allocator-block-size=1048576"
    "memorysetup-temp-allocator-size-main=16777216"
    "memorysetup-job-temp-allocator-block-size=2097152"
    "memorysetup-job-temp-allocator-block-size-background=1048576"
    "memorysetup-job-temp-allocator-reduction-small-platforms=262144"
    "memorysetup-temp-allocator-size-cloud-worker=32768"
Player connection [28456]  Target information:

Player connection [28456]  * "[IP] 192.168.56.1 [Port] 0 [Flags] 2 [Guid] 3815560830 [EditorId] 3815560830 [Version] 1048832 [Id] WindowsEditor(7,Asus) [Debug] 1 [PackageName] WindowsEditor [ProjectName] Editor" 

Player connection [28456]  * "[IP] 192.168.100.9 [Port] 0 [Flags] 2 [Guid] 3815560830 [EditorId] 3815560830 [Version] 1048832 [Id] WindowsEditor(7,Asus) [Debug] 1 [PackageName] WindowsEditor [ProjectName] Editor" 

Player connection [28456] Host joined multi-casting on [225.0.0.222:54997]...
Player connection [28456] Host joined alternative multi-casting on [225.0.0.222:34997]...
JobSystem: Creating JobQueue using job-worker-count value 15
Input System module state changed to: Initialized.
[Physics::Module] Initialized fallback backend.
[Physics::Module] Id: 0xdecafbad
Library Redirect Path: Library/
[Physics::Module] Selected backend.
[Physics::Module] Name: PhysX
[Physics::Module] Id: 0xf2b8ea05
[Physics::Module] SDK Version: 4.1.2
[Physics::Module] Integration Version: 1.0.0
[Physics::Module] Threading Mode: Multi-Threaded
Refreshing native plugins compatible for Editor in 3.26 ms, found 4 plugins.
Preloading 0 native plugins for Editor in 0.00 ms.
Initialize engine version: 6000.3.8f1 (1c7db571dde0)
[Subsystems] Discovering subsystems at path C:/Program Files/Unity/Hub/Editor/6000.3.8f1/Editor/Data/Resources/UnitySubsystems
[Subsystems] Discovering subsystems at path C:/Users/rodri/OneDrive/Escritorio/LexiMath-Game/Assets
GfxDevice: creating device client; kGfxThreadingModeNonThreaded
Direct3D:
    Version:  Direct3D 11.0 [level 11.1]
    Renderer: NVIDIA GeForce RTX 4080 Laptop GPU (ID=0x27a0)
    Vendor:   NVIDIA
    VRAM:     11995 MB
    Driver:   32.0.15.9186
Initialize mono
Mono path[0] = 'C:/Program Files/Unity/Hub/Editor/6000.3.8f1/Editor/Data/Managed'
Mono path[1] = 'C:/Program Files/Unity/Hub/Editor/6000.3.8f1/Editor/Data/MonoBleedingEdge/lib/mono/unityjit-win32'
Mono config path = 'C:/Program Files/Unity/Hub/Editor/6000.3.8f1/Editor/Data/MonoBleedingEdge/etc'
Using monoOptions --debugger-agent=transport=dt_socket,embedding=1,server=y,suspend=n,address=127.0.0.1:56768
[Licensing::Client] Handshaking with LicensingClient:
  Version:                 1.17.4+4293ba1
  Session Id:              3f916ca51bcc4e4abf99a6597e768a48
  Correlation Id:          486b487315153bddfed0cc3858682a8c
  External correlation Id: 1173960554343330827
  Machine Id:              zG4VJaxph/UHMQAqx8KOdIGDzw8=
[Licensing::Module] Successfully connected to LicensingClient on channel: "LicenseClient-rodri" (connect: 0.00s, validation: 0.00s, handshake: 0.73s)
[Licensing::IpcConnector] Successfully connected to: "LicenseClient-rodri-notifications" at "2026-03-31T22:12:21.0412574Z"
[Licensing::Module] Licensing Background thread has ended after 0.73s
Begin MonoManager ReloadAssembly
Registering precompiled unity dll's ...
Register platform support module: C:/Program Files/Unity/Hub/Editor/6000.3.8f1/Editor/Data/PlaybackEngines/WebGLSupport/UnityEditor.WebGL.Extensions.dll
Register platform support module: C:/Program Files/Unity/Hub/Editor/6000.3.8f1/Editor/Data/PlaybackEngines/MacStandaloneSupport/UnityEditor.OSXStandalone.Extensions.dll
Register platform support module: C:/Program Files/Unity/Hub/Editor/6000.3.8f1/Editor/Data/PlaybackEngines/WindowsStandaloneSupport/UnityEditor.WindowsStandalone.Extensions.dll
Registered in 0.003498 seconds.
- Loaded All Assemblies, in  0.419 seconds
Native extension for WindowsStandalone target not found
Native extension for OSXStandalone target not found
Native extension for WebGL target not found
ScheduleIndexationOnStartup MainProcess:False IndexOnStartup:True
Mono: successfully reloaded assembly
- Finished resetting the current domain, in  0.436 seconds
Domain Reload Profiling: 852ms
	BeginReloadAssembly (131ms)
		ExecutionOrderSort (0ms)
		DisableScriptedObjects (0ms)
		BackupInstance (0ms)
		ReleaseScriptingObjects (0ms)
		CreateAndSetChildDomain (1ms)
	RebuildCommonClasses (38ms)
	RebuildNativeTypeToScriptingClass (14ms)
	initialDomainReloadingComplete (51ms)
	LoadAllAssembliesAndSetupDomain (182ms)
		LoadAssemblies (129ms)
		RebuildTransferFunctionScriptingTraits (0ms)
		AnalyzeDomain (178ms)
			TypeCache.Refresh (175ms)
				TypeCache.ScanAssembly (158ms)
			BuildScriptInfoCaches (0ms)
			ResolveRequiredComponents (1ms)
	FinalizeReload (437ms)
		ReleaseScriptCaches (0ms)
		RebuildScriptCaches (0ms)
		SetupLoadedEditorAssemblies (389ms)
			LogAssemblyErrors (0ms)
			InitializePlatformSupportModulesInManaged (81ms)
			SetLoadedEditorAssemblies (3ms)
			BeforeProcessingInitializeOnLoad (82ms)
			ProcessInitializeOnLoadAttributes (171ms)
			ProcessInitializeOnLoadMethodAttributes (53ms)
			AfterProcessingInitializeOnLoad (0ms)
			EditorAssembliesLoaded (0ms)
		ExecutionOrderSort2 (0ms)
		AwakeInstancesAfterBackupRestoration (0ms)
========================================================================
Worker process is ready to serve import requests
Import Worker Mode flag is 0x00
Begin MonoManager ReloadAssembly
[Licensing::Client] Successfully resolved entitlement details
[Licensing::Module] License group:
  Id: 4674159063011-UnityPersXXXX
  Product: Unity Personal
  Type: Assigned
  Expiration: Unlimited
- Loaded All Assemblies, in  0.753 seconds
Refreshing native plugins compatible for Editor in 1.83 ms, found 4 plugins.
Native extension for WindowsStandalone target not found
Native extension for OSXStandalone target not found
Native extension for WebGL target not found
Package Manager log level set to [2]
[Package Manager] Failed to launch server process. Reason: Unity was launched with the -noUpm command-line argument
[Package Manager] Unable to send message (not connected to server process).
[Package Manager] Cannot connect to Unity Package Manager local server
ScheduleIndexationOnStartup MainProcess:False IndexOnStartup:True
Mono: successfully reloaded assembly
- Finished resetting the current domain, in  0.704 seconds
Domain Reload Profiling: 1450ms
	BeginReloadAssembly (168ms)
		ExecutionOrderSort (0ms)
		DisableScriptedObjects (4ms)
		BackupInstance (0ms)
		ReleaseScriptingObjects (0ms)
		CreateAndSetChildDomain (39ms)
	RebuildCommonClasses (35ms)
	RebuildNativeTypeToScriptingClass (12ms)
	initialDomainReloadingComplete (38ms)
	LoadAllAssembliesAndSetupDomain (492ms)
		LoadAssemblies (357ms)
		RebuildTransferFunctionScriptingTraits (0ms)
		AnalyzeDomain (222ms)
			TypeCache.Refresh (148ms)
				TypeCache.ScanAssembly (136ms)
			BuildScriptInfoCaches (61ms)
			ResolveRequiredComponents (8ms)
	FinalizeReload (704ms)
		ReleaseScriptCaches (0ms)
		RebuildScriptCaches (0ms)
		SetupLoadedEditorAssemblies (574ms)
			LogAssemblyErrors (0ms)
			InitializePlatformSupportModulesInManaged (13ms)
			SetLoadedEditorAssemblies (5ms)
			BeforeProcessingInitializeOnLoad (139ms)
			ProcessInitializeOnLoadAttributes (306ms)
			ProcessInitializeOnLoadMethodAttributes (104ms)
			AfterProcessingInitializeOnLoad (7ms)
			EditorAssembliesLoaded (0ms)
		ExecutionOrderSort2 (0ms)
		AwakeInstancesAfterBackupRestoration (6ms)
Launched and connected shader compiler UnityShaderCompiler.exe after 0.03 seconds
Refreshing native plugins compatible for Editor in 1.79 ms, found 4 plugins.
Preloading 0 native plugins for Editor in 0.00 ms.
Unloading 16 Unused Serialized files (Serialized files now loaded: 0)
Unloading 6909 unused Assets / (4.5 MB). Loaded Objects now: 7744.
Memory consumption went from 159.5 MB to 155.0 MB.
Total: 11.611700 ms (FindLiveObjects: 1.231000 ms CreateObjectMapping: 1.296000 ms MarkObjects: 6.378000 ms  DeleteObjects: 2.705900 ms)

========================================================================
Received Import Request.
  Time since last request: 2538.255303 seconds.
  path: Assets/UniversalRenderPipelineGlobalSettings.asset
  artifactKey: Guid(93b439a37f63240aca3dd4e01d978a9f) Importer(815301076,1909f56bfc062723c751e8b465ee728b)
Start importing Assets/UniversalRenderPipelineGlobalSettings.asset using Guid(93b439a37f63240aca3dd4e01d978a9f) Importer(815301076,1909f56bfc062723c751e8b465ee728b) (PreviewImporter) -> (artifact id: '0732e022fc18281afc7d6aa5b22de109') in 0.0188797 seconds
Number of updated asset objects reloaded before import = 4Number of asset objects unloaded after import = 0

========================================================================
Received Import Request.
  Time since last request: 4.962819 seconds.
  path: Assets/Settings/Lit2DSceneTemplate.scenetemplate
  artifactKey: Guid(d03ed43fc9d8a4f2e9fa70c1c7916eb9) Importer(2089858483,b0f066a214c2f5e87bad3c948f4d605d)
Start importing Assets/Settings/Lit2DSceneTemplate.scenetemplate using Guid(d03ed43fc9d8a4f2e9fa70c1c7916eb9) Importer(2089858483,b0f066a214c2f5e87bad3c948f4d605d) (ScriptedImporter) -> (artifact id: '42baaf950baa3b40ca2b9c0ff7704d07') in 0.1509817 seconds
Number of updated asset objects reloaded before import = 0Number of asset objects unloaded after import = 3

========================================================================
Received Import Request.
  Time since last request: 186.141405 seconds.
  path: Assets
  artifactKey: Guid(00000000000000001000000000000000) Importer(815301076,1909f56bfc062723c751e8b465ee728b)
Start importing Assets using Guid(00000000000000001000000000000000) Importer(815301076,1909f56bfc062723c751e8b465ee728b) (PreviewImporter) -> (artifact id: 'c391582d739b6e62a5220f35cbb167ac') in 0.0005504 seconds
Number of updated asset objects reloaded before import = 0Number of asset objects unloaded after import = 0

========================================================================
Received Import Request.
  Time since last request: 5.886412 seconds.
  path: Assets/Scripts
  artifactKey: Guid(305109fc1d8ebb443a9bb1ca62184bdc) Importer(815301076,1909f56bfc062723c751e8b465ee728b)
Start importing Assets/Scripts using Guid(305109fc1d8ebb443a9bb1ca62184bdc) Importer(815301076,1909f56bfc062723c751e8b465ee728b) (PreviewImporter) -> (artifact id: '3636cf338dfa7885417057dc092d4908') in 0.0024761 seconds
Number of updated asset objects reloaded before import = 0Number of asset objects unloaded after import = 0

========================================================================
Received Import Request.
  Time since last request: 3.148645 seconds.
  path: Assets/Scripts
  artifactKey: Guid(305109fc1d8ebb443a9bb1ca62184bdc) Importer(2089858483,b0f066a214c2f5e87bad3c948f4d605d)
Start importing Assets/Scripts using Guid(305109fc1d8ebb443a9bb1ca62184bdc) Importer(2089858483,b0f066a214c2f5e87bad3c948f4d605d) (ScriptedImporter) -> (artifact id: 'bbb8f4c83df923eef8a96184fd63ad98') in 0.0034615 seconds
Number of updated asset objects reloaded before import = 0Number of asset objects unloaded after import = 1

========================================================================
Received Import Request.
  Time since last request: 2.511846 seconds.
  path: Assets/Prefabs
  artifactKey: Guid(931e5c401775cdb4983824150ef14bfc) Importer(815301076,1909f56bfc062723c751e8b465ee728b)
Start importing Assets/Prefabs using Guid(931e5c401775cdb4983824150ef14bfc) Importer(815301076,1909f56bfc062723c751e8b465ee728b) (PreviewImporter) -> (artifact id: 'c5274435db89b2b84e294f1b831cf150') in 0.0022659 seconds
Number of updated asset objects reloaded before import = 0Number of asset objects unloaded after import = 0

========================================================================
Received Import Request.
  Time since last request: 2.457596 seconds.
  path: Assets/Prefabs
  artifactKey: Guid(931e5c401775cdb4983824150ef14bfc) Importer(2089858483,b0f066a214c2f5e87bad3c948f4d605d)
Start importing Assets/Prefabs using Guid(931e5c401775cdb4983824150ef14bfc) Importer(2089858483,b0f066a214c2f5e87bad3c948f4d605d) (ScriptedImporter) -> (artifact id: '0ef58312f600a5f3e9c49314a6b6ecef') in 0.0026334 seconds
Number of updated asset objects reloaded before import = 0Number of asset objects unloaded after import = 1

========================================================================
Received Import Request.
  Time since last request: 6.525540 seconds.
  path: Assets/Animations
  artifactKey: Guid(84a20388e9045794e82857e63c0baaaf) Importer(815301076,1909f56bfc062723c751e8b465ee728b)
Start importing Assets/Animations using Guid(84a20388e9045794e82857e63c0baaaf) Importer(815301076,1909f56bfc062723c751e8b465ee728b) (PreviewImporter) -> (artifact id: 'ea81c6a4d3cb477dd63e1b3ddd92fcc9') in 0.0023809 seconds
Number of updated asset objects reloaded before import = 0Number of asset objects unloaded after import = 0

========================================================================
Received Import Request.
  Time since last request: 0.947258 seconds.
  path: Assets/Animations
  artifactKey: Guid(84a20388e9045794e82857e63c0baaaf) Importer(2089858483,b0f066a214c2f5e87bad3c948f4d605d)
Start importing Assets/Animations using Guid(84a20388e9045794e82857e63c0baaaf) Importer(2089858483,b0f066a214c2f5e87bad3c948f4d605d) (ScriptedImporter) -> (artifact id: '412ecca484efb38847cd8eb4b407c3dc') in 0.0023934 seconds
Number of updated asset objects reloaded before import = 0Number of asset objects unloaded after import = 1

========================================================================
Received Import Request.
  Time since last request: 5.431416 seconds.
  path: Assets/Tiles
  artifactKey: Guid(bb0d3f2a500637f45ac26c8182d93d68) Importer(815301076,1909f56bfc062723c751e8b465ee728b)
Start importing Assets/Tiles using Guid(bb0d3f2a500637f45ac26c8182d93d68) Importer(815301076,1909f56bfc062723c751e8b465ee728b) (PreviewImporter) -> (artifact id: 'ed3016af4f046c79323a7869a4753010') in 0.0023526 seconds
Number of updated asset objects reloaded before import = 0Number of asset objects unloaded after import = 0

========================================================================
Received Import Request.
  Time since last request: 0.947726 seconds.
  path: Assets/Tiles
  artifactKey: Guid(bb0d3f2a500637f45ac26c8182d93d68) Importer(2089858483,b0f066a214c2f5e87bad3c948f4d605d)
Start importing Assets/Tiles using Guid(bb0d3f2a500637f45ac26c8182d93d68) Importer(2089858483,b0f066a214c2f5e87bad3c948f4d605d) (ScriptedImporter) -> (artifact id: 'db65cbe7a63bcafb667d1502f5d63d9a') in 0.0028576 seconds
Number of updated asset objects reloaded before import = 0Number of asset objects unloaded after import = 1

========================================================================
Received Import Request.
  Time since last request: 150.853474 seconds.
  path: Assets/Backgrounds
  artifactKey: Guid(e75374de653996c4982d536dbe93d356) Importer(815301076,1909f56bfc062723c751e8b465ee728b)
Start importing Assets/Backgrounds using Guid(e75374de653996c4982d536dbe93d356) Importer(815301076,1909f56bfc062723c751e8b465ee728b) (PreviewImporter) -> (artifact id: '7d54ecaefcc0a5edb78deb0c153ed88a') in 0.0005862 seconds
Number of updated asset objects reloaded before import = 0Number of asset objects unloaded after import = 0

========================================================================
Received Import Request.
  Time since last request: 0.947322 seconds.
  path: Assets/Backgrounds
  artifactKey: Guid(e75374de653996c4982d536dbe93d356) Importer(2089858483,b0f066a214c2f5e87bad3c948f4d605d)
Start importing Assets/Backgrounds using Guid(e75374de653996c4982d536dbe93d356) Importer(2089858483,b0f066a214c2f5e87bad3c948f4d605d) (ScriptedImporter) -> (artifact id: '9f56c73caecda5559b38c5e975c44b73') in 0.0025995 seconds
Number of updated asset objects reloaded before import = 0Number of asset objects unloaded after import = 1

========================================================================
Received Import Request.
  Time since last request: 20.205664 seconds.
  path: Assets/Backgrounds/Forest Tileset/Forest Tileset/Tileset/Small-Tree.png
  artifactKey: Guid(c24fe5a9cb9a7ee4f9ac90bf8aeeb867) Importer(2089858483,b0f066a214c2f5e87bad3c948f4d605d)
Start importing Assets/Backgrounds/Forest Tileset/Forest Tileset/Tileset/Small-Tree.png using Guid(c24fe5a9cb9a7ee4f9ac90bf8aeeb867) Importer(2089858483,b0f066a214c2f5e87bad3c948f4d605d) (ScriptedImporter) -> (artifact id: '7b1b4341eac1a5e04b86a5fd9bf94fde') in 0.0329273 seconds
Number of updated asset objects reloaded before import = 0Number of asset objects unloaded after import = 3

========================================================================
Received Import Request.
  Time since last request: 0.000017 seconds.
  path: Assets/Backgrounds/Forest Tileset/Forest Tileset/Tileset
  artifactKey: Guid(d7ba5cdf3e8b46941aad729816bd80ec) Importer(2089858483,b0f066a214c2f5e87bad3c948f4d605d)
Start importing Assets/Backgrounds/Forest Tileset/Forest Tileset/Tileset using Guid(d7ba5cdf3e8b46941aad729816bd80ec) Importer(2089858483,b0f066a214c2f5e87bad3c948f4d605d) (ScriptedImporter) -> (artifact id: '993c1fbd0818526458162901801f90a2') in 0.0048043 seconds
Number of updated asset objects reloaded before import = 0Number of asset objects unloaded after import = 1

========================================================================
Received Import Request.
  Time since last request: 0.000015 seconds.
  path: Assets/Backgrounds/Forest Tileset
  artifactKey: Guid(742de204070686a45a98c249f4829e27) Importer(2089858483,b0f066a214c2f5e87bad3c948f4d605d)
Start importing Assets/Backgrounds/Forest Tileset using Guid(742de204070686a45a98c249f4829e27) Importer(2089858483,b0f066a214c2f5e87bad3c948f4d605d) (ScriptedImporter) -> (artifact id: 'de8084196615749ad1474fe926cb2909') in 0.004977 seconds
Number of updated asset objects reloaded before import = 0Number of asset objects unloaded after import = 1

========================================================================
Received Import Request.
  Time since last request: 0.000015 seconds.
  path: Assets/Backgrounds/Forest Tileset/Forest Tileset
  artifactKey: Guid(96b72327dbd28324c92d19ddb7a81bca) Importer(2089858483,b0f066a214c2f5e87bad3c948f4d605d)
Start importing Assets/Backgrounds/Forest Tileset/Forest Tileset using Guid(96b72327dbd28324c92d19ddb7a81bca) Importer(2089858483,b0f066a214c2f5e87bad3c948f4d605d) (ScriptedImporter) -> (artifact id: '376c3686e4f4c8f206c4067d0bd1d7f3') in 0.0033111 seconds
Number of updated asset objects reloaded before import = 0Number of asset objects unloaded after import = 1

========================================================================
Received Import Request.
  Time since last request: 0.000015 seconds.
  path: Assets/Backgrounds/Forest Tileset/Forest Tileset/Backgrounds/Mountains.png
  artifactKey: Guid(c8b93cc6b0134c446976d02c5963fd8b) Importer(2089858483,b0f066a214c2f5e87bad3c948f4d605d)
Start importing Assets/Backgrounds/Forest Tileset/Forest Tileset/Backgrounds/Mountains.png using Guid(c8b93cc6b0134c446976d02c5963fd8b) Importer(2089858483,b0f066a214c2f5e87bad3c948f4d605d) (ScriptedImporter) -> (artifact id: 'dbd0a84eddd9f3fac48e8f6d22eed1a6') in 0.0154456 seconds
Number of updated asset objects reloaded before import = 0Number of asset objects unloaded after import = 4

========================================================================
Received Import Request.
  Time since last request: 0.000022 seconds.
  path: Assets/Backgrounds/Forest Tileset/Forest Tileset/Preview Scene.png
  artifactKey: Guid(08ea7fb1d0c0114449c650ff35c34d80) Importer(2089858483,b0f066a214c2f5e87bad3c948f4d605d)
Start importing Assets/Backgrounds/Forest Tileset/Forest Tileset/Preview Scene.png using Guid(08ea7fb1d0c0114449c650ff35c34d80) Importer(2089858483,b0f066a214c2f5e87bad3c948f4d605d) (ScriptedImporter) -> (artifact id: '7b3aa9096c33055579c64095978a3cd0') in 0.015439 seconds
Number of updated asset objects reloaded before import = 0Number of asset objects unloaded after import = 3

========================================================================
Received Import Request.
  Time since last request: 0.000038 seconds.
  path: Assets/Backgrounds/Forest Tileset/Forest Tileset/Backgrounds/Near-Forest-0.png
  artifactKey: Guid(0f562c1d57405294597eb252e56f194d) Importer(2089858483,b0f066a214c2f5e87bad3c948f4d605d)
Start importing Assets/Backgrounds/Forest Tileset/Forest Tileset/Backgrounds/Near-Forest-0.png using Guid(0f562c1d57405294597eb252e56f194d) Importer(2089858483,b0f066a214c2f5e87bad3c948f4d605d) (ScriptedImporter) -> (artifact id: '6381a7ee5845a790f74f2910752945b2') in 0.0126036 seconds
Number of updated asset objects reloaded before import = 0Number of asset objects unloaded after import = 3

========================================================================
Received Import Request.
  Time since last request: 0.000023 seconds.
  path: Assets/Backgrounds/Forest Tileset/Forest Tileset/Backgrounds/Far-Forest.png
  artifactKey: Guid(84d39180f1c0ee04cbc56dfdfa14914b) Importer(2089858483,b0f066a214c2f5e87bad3c948f4d605d)
Start importing Assets/Backgrounds/Forest Tileset/Forest Tileset/Backgrounds/Far-Forest.png using Guid(84d39180f1c0ee04cbc56dfdfa14914b) Importer(2089858483,b0f066a214c2f5e87bad3c948f4d605d) (ScriptedImporter) -> (artifact id: 'b7fb62ee4ff8665ac2801fde40d96a36') in 0.0110852 seconds
Number of updated asset objects reloaded before import = 0Number of asset objects unloaded after import = 3

========================================================================
Received Import Request.
  Time since last request: 0.000025 seconds.
  path: Assets/Backgrounds/Forest Tileset
  artifactKey: Guid(742de204070686a45a98c249f4829e27) Importer(815301076,1909f56bfc062723c751e8b465ee728b)
Start importing Assets/Backgrounds/Forest Tileset using Guid(742de204070686a45a98c249f4829e27) Importer(815301076,1909f56bfc062723c751e8b465ee728b) (PreviewImporter) -> (artifact id: '6e71f76852f8d71ade17e2eda9f13ffa') in 0.0006846 seconds
Number of updated asset objects reloaded before import = 0Number of asset objects unloaded after import = 0

========================================================================
Received Import Request.
  Time since last request: 0.000015 seconds.
  path: Assets/Backgrounds/Forest Tileset/Forest Tileset/Backgrounds/Background.psd
  artifactKey: Guid(a55796d3bf45c254dbc82fa2ea18b416) Importer(2089858483,b0f066a214c2f5e87bad3c948f4d605d)
Start importing Assets/Backgrounds/Forest Tileset/Forest Tileset/Backgrounds/Background.psd using Guid(a55796d3bf45c254dbc82fa2ea18b416) Importer(2089858483,b0f066a214c2f5e87bad3c948f4d605d) (ScriptedImporter) -> (artifact id: '0433ae448b67cef2bf9e4cf1c858575c') in 0.0108649 seconds
Number of updated asset objects reloaded before import = 0Number of asset objects unloaded after import = 3

========================================================================
Received Import Request.
  Time since last request: 0.000019 seconds.
  path: Assets/Backgrounds/Forest Tileset/Forest Tileset/Backgrounds/Far-Mountains.png
  artifactKey: Guid(f5be6d2dca030c74aab9c18e558177d2) Importer(2089858483,b0f066a214c2f5e87bad3c948f4d605d)
Start importing Assets/Backgrounds/Forest Tileset/Forest Tileset/Backgrounds/Far-Mountains.png using Guid(f5be6d2dca030c74aab9c18e558177d2) Importer(2089858483,b0f066a214c2f5e87bad3c948f4d605d) (ScriptedImporter) -> (artifact id: '7c7c7ecf31afd37c7bbfcb6ea5933036') in 0.0122319 seconds
Number of updated asset objects reloaded before import = 0Number of asset objects unloaded after import = 3

========================================================================
Received Import Request.
  Time since last request: 0.180647 seconds.
  path: Assets/Backgrounds/Forest Tileset/Forest Tileset
  artifactKey: Guid(96b72327dbd28324c92d19ddb7a81bca) Importer(815301076,1909f56bfc062723c751e8b465ee728b)
Start importing Assets/Backgrounds/Forest Tileset/Forest Tileset using Guid(96b72327dbd28324c92d19ddb7a81bca) Importer(815301076,1909f56bfc062723c751e8b465ee728b) (PreviewImporter) -> (artifact id: '4031e7c2adca78acc8f0a8717c9d7674') in 0.0006089 seconds
Number of updated asset objects reloaded before import = 0Number of asset objects unloaded after import = 0

========================================================================
Received Import Request.
  Time since last request: 0.763431 seconds.
  path: Assets/Backgrounds/Forest Tileset/Forest Tileset/Preview Scene.png
  artifactKey: Guid(08ea7fb1d0c0114449c650ff35c34d80) Importer(815301076,1909f56bfc062723c751e8b465ee728b)
Start importing Assets/Backgrounds/Forest Tileset/Forest Tileset/Preview Scene.png using Guid(08ea7fb1d0c0114449c650ff35c34d80) Importer(815301076,1909f56bfc062723c751e8b465ee728b) (PreviewImporter) -> (artifact id: '3f781c75fbcc9bbaf45c05f37424ace6') in 0.0555761 seconds
Number of updated asset objects reloaded before import = 0Number of asset objects unloaded after import = 3

========================================================================
Received Import Request.
  Time since last request: 1.165853 seconds.
  path: Assets/Backgrounds/Forest Tileset/Forest Tileset/Backgrounds
  artifactKey: Guid(cacb2186f5de6504b9d6e7fab1ba84b5) Importer(815301076,1909f56bfc062723c751e8b465ee728b)
Start importing Assets/Backgrounds/Forest Tileset/Forest Tileset/Backgrounds using Guid(cacb2186f5de6504b9d6e7fab1ba84b5) Importer(815301076,1909f56bfc062723c751e8b465ee728b) (PreviewImporter) -> (artifact id: '2b7efc8422e947956251dc238e418ecc') in 0.0008741 seconds
Number of updated asset objects reloaded before import = 0Number of asset objects unloaded after import = 0

========================================================================
Received Import Request.
  Time since last request: 0.010643 seconds.
  path: Assets/Backgrounds/Forest Tileset/Forest Tileset/Backgrounds/Background.psd
  artifactKey: Guid(a55796d3bf45c254dbc82fa2ea18b416) Importer(815301076,1909f56bfc062723c751e8b465ee728b)
Start importing Assets/Backgrounds/Forest Tileset/Forest Tileset/Backgrounds/Background.psd using Guid(a55796d3bf45c254dbc82fa2ea18b416) Importer(815301076,1909f56bfc062723c751e8b465ee728b) (PreviewImporter) -> (artifact id: '5a8ce5c6ff9d223131c4e3b7ddb7c6a5') in 0.0103624 seconds
Number of updated asset objects reloaded before import = 0Number of asset objects unloaded after import = 3

========================================================================
Received Import Request.
  Time since last request: 0.000027 seconds.
  path: Assets/Backgrounds/Forest Tileset/Forest Tileset/Backgrounds/Sky.png
  artifactKey: Guid(a02b5b2dc28ced04b80ff8ac98d43563) Importer(815301076,1909f56bfc062723c751e8b465ee728b)
Start importing Assets/Backgrounds/Forest Tileset/Forest Tileset/Backgrounds/Sky.png using Guid(a02b5b2dc28ced04b80ff8ac98d43563) Importer(815301076,1909f56bfc062723c751e8b465ee728b) (PreviewImporter) -> (artifact id: '9841ff4f51a747464efef2df88e1e960') in 0.0072599 seconds
Number of updated asset objects reloaded before import = 0Number of asset objects unloaded after import = 3

========================================================================
Received Import Request.
  Time since last request: 0.000029 seconds.
  path: Assets/Backgrounds/Forest Tileset/Forest Tileset/Backgrounds/Near-Forest-2.png
  artifactKey: Guid(804f937da48b12546919f18543381e69) Importer(815301076,1909f56bfc062723c751e8b465ee728b)
Start importing Assets/Backgrounds/Forest Tileset/Forest Tileset/Backgrounds/Near-Forest-2.png using Guid(804f937da48b12546919f18543381e69) Importer(815301076,1909f56bfc062723c751e8b465ee728b) (PreviewImporter) -> (artifact id: '40edb6305ebc193d9702895ff57fb7c1') in 0.0093945 seconds
Number of updated asset objects reloaded before import = 0Number of asset objects unloaded after import = 3

========================================================================
Received Import Request.
  Time since last request: 0.000017 seconds.
  path: Assets/Backgrounds/Forest Tileset/Forest Tileset/Backgrounds/Near-Forest-0.png
  artifactKey: Guid(0f562c1d57405294597eb252e56f194d) Importer(815301076,1909f56bfc062723c751e8b465ee728b)
Start importing Assets/Backgrounds/Forest Tileset/Forest Tileset/Backgrounds/Near-Forest-0.png using Guid(0f562c1d57405294597eb252e56f194d) Importer(815301076,1909f56bfc062723c751e8b465ee728b) (PreviewImporter) -> (artifact id: 'c850c706b530a27f3a89ef341c7020f0') in 0.007555 seconds
Number of updated asset objects reloaded before import = 0Number of asset objects unloaded after import = 3

========================================================================
Received Import Request.
  Time since last request: 0.000014 seconds.
  path: Assets/Backgrounds/Forest Tileset/Forest Tileset/Backgrounds/Full-Background.png
  artifactKey: Guid(ac90410b26d52fe468007ed0e6071d0b) Importer(815301076,1909f56bfc062723c751e8b465ee728b)
Start importing Assets/Backgrounds/Forest Tileset/Forest Tileset/Backgrounds/Full-Background.png using Guid(ac90410b26d52fe468007ed0e6071d0b) Importer(815301076,1909f56bfc062723c751e8b465ee728b) (PreviewImporter) -> (artifact id: '0220dd33925e44bec5fdaf7a263c9554') in 0.010008 seconds
Number of updated asset objects reloaded before import = 0Number of asset objects unloaded after import = 3

========================================================================
Received Import Request.
  Time since last request: 0.000026 seconds.
  path: Assets/Backgrounds/Forest Tileset/Forest Tileset/Backgrounds/Near-Forest.png
  artifactKey: Guid(e10ba275c395e9a4486fb0352b79f0a9) Importer(815301076,1909f56bfc062723c751e8b465ee728b)
Start importing Assets/Backgrounds/Forest Tileset/Forest Tileset/Backgrounds/Near-Forest.png using Guid(e10ba275c395e9a4486fb0352b79f0a9) Importer(815301076,1909f56bfc062723c751e8b465ee728b) (PreviewImporter) -> (artifact id: '89461bee68d7f8390a50b259c49e0161') in 0.0090047 seconds
Number of updated asset objects reloaded before import = 0Number of asset objects unloaded after import = 3

========================================================================
Received Import Request.
  Time since last request: 238.416863 seconds.
  path: Assets/Backgrounds/Forest Tileset/Forest Tileset/Backgrounds/Background.psd
  artifactKey: Guid(a55796d3bf45c254dbc82fa2ea18b416) Importer(815301076,1909f56bfc062723c751e8b465ee728b)
Start importing Assets/Backgrounds/Forest Tileset/Forest Tileset/Backgrounds/Background.psd using Guid(a55796d3bf45c254dbc82fa2ea18b416) Importer(815301076,1909f56bfc062723c751e8b465ee728b) (PreviewImporter) -> (artifact id: '1640f71717d9f5ed1c30f7c1cb3d006a') in 0.0274321 seconds
Number of updated asset objects reloaded before import = 0Number of asset objects unloaded after import = 3

========================================================================
Received Import Request.
  Time since last request: 0.920026 seconds.
  path: Assets/Backgrounds/Forest Tileset/Forest Tileset/Backgrounds/Background.psd
  artifactKey: Guid(a55796d3bf45c254dbc82fa2ea18b416) Importer(2089858483,b0f066a214c2f5e87bad3c948f4d605d)
Start importing Assets/Backgrounds/Forest Tileset/Forest Tileset/Backgrounds/Background.psd using Guid(a55796d3bf45c254dbc82fa2ea18b416) Importer(2089858483,b0f066a214c2f5e87bad3c948f4d605d) (ScriptedImporter) -> (artifact id: '114e133f5f8e68220595cec95bd8ad46') in 0.0048943 seconds
Number of updated asset objects reloaded before import = 0Number of asset objects unloaded after import = 3

========================================================================
Received Import Request.
  Time since last request: 310.134860 seconds.
  path: Assets/Backgrounds/Forest Tileset/Forest Tileset/Tileset
  artifactKey: Guid(d7ba5cdf3e8b46941aad729816bd80ec) Importer(815301076,1909f56bfc062723c751e8b465ee728b)
Start importing Assets/Backgrounds/Forest Tileset/Forest Tileset/Tileset using Guid(d7ba5cdf3e8b46941aad729816bd80ec) Importer(815301076,1909f56bfc062723c751e8b465ee728b) (PreviewImporter) -> (artifact id: '7d89a58f4b14c720b2942b5f9606bfd8') in 0.0006019 seconds
Number of updated asset objects reloaded before import = 0Number of asset objects unloaded after import = 0

========================================================================
Received Import Request.
  Time since last request: 0.051724 seconds.
  path: Assets/Backgrounds/Forest Tileset/Forest Tileset/Tileset/Big-Tree.png
  artifactKey: Guid(c059f9c41425b214f851f425a85925d6) Importer(815301076,1909f56bfc062723c751e8b465ee728b)
Start importing Assets/Backgrounds/Forest Tileset/Forest Tileset/Tileset/Big-Tree.png using Guid(c059f9c41425b214f851f425a85925d6) Importer(815301076,1909f56bfc062723c751e8b465ee728b) (PreviewImporter) -> (artifact id: 'c30efdc1965dafe73f35569764961948') in 0.0146261 seconds
Number of updated asset objects reloaded before import = 0Number of asset objects unloaded after import = 3

========================================================================
Received Import Request.
  Time since last request: 0.000025 seconds.
  path: Assets/Backgrounds/Forest Tileset/Forest Tileset/Tileset/Small-Tree.png
  artifactKey: Guid(c24fe5a9cb9a7ee4f9ac90bf8aeeb867) Importer(815301076,1909f56bfc062723c751e8b465ee728b)
Start importing Assets/Backgrounds/Forest Tileset/Forest Tileset/Tileset/Small-Tree.png using Guid(c24fe5a9cb9a7ee4f9ac90bf8aeeb867) Importer(815301076,1909f56bfc062723c751e8b465ee728b) (PreviewImporter) -> (artifact id: 'e6afe46f2fc13c6e71dea7641f2d7206') in 0.0207317 seconds
Number of updated asset objects reloaded before import = 0Number of asset objects unloaded after import = 3

========================================================================
Received Import Request.
  Time since last request: 9.398223 seconds.
  path: Assets/Tiles/Tileset
  artifactKey: Guid(d7ba5cdf3e8b46941aad729816bd80ec) Importer(2089858483,b0f066a214c2f5e87bad3c948f4d605d)
Start importing Assets/Tiles/Tileset using Guid(d7ba5cdf3e8b46941aad729816bd80ec) Importer(2089858483,b0f066a214c2f5e87bad3c948f4d605d) (ScriptedImporter) -> (artifact id: '931913ad824aa29cc4b60a6f1975eb24') in 0.0025968 seconds
Number of updated asset objects reloaded before import = 0Number of asset objects unloaded after import = 1

========================================================================
Received Import Request.
  Time since last request: 0.000013 seconds.
  path: Assets/Tiles/Tileset/Medium-Tree.png
  artifactKey: Guid(1a256f7db64a7b346a6102a4a93f3e02) Importer(2089858483,b0f066a214c2f5e87bad3c948f4d605d)
Start importing Assets/Tiles/Tileset/Medium-Tree.png using Guid(1a256f7db64a7b346a6102a4a93f3e02) Importer(2089858483,b0f066a214c2f5e87bad3c948f4d605d) (ScriptedImporter) -> (artifact id: '0e00725e84adde3af7af0ba3c82e8f06') in 0.0060092 seconds
Number of updated asset objects reloaded before import = 0Number of asset objects unloaded after import = 3

Editor requested this worker to shutdown with reason: Scaling down because of idle timeout
AssetImportWorker is now disconnected from the server
Process exiting
Exiting without the bug reporter. Application will terminate with return code 0